35-Active Record 详解（下）
36-DetailView
37-ListView
38-GridView
39-查询构建器
40-使用 Gii 生成代码
41-RESTful Web服务 RESTful Web服务 
42-Yii2.0视频教程
43-韩国主播
44-Linux常用命令
45-php数据类型
46-Yii2学习
47-Yii2框架
48-Yii2 studying
49-太极拳
50-dd
35-Active Record 详解（下）
36-DetailView
37-ListView
38-GridView
39-查询构建器
40-使用 Gii 生成代码
41-RESTful Web服务 RESTful Web服务 
42-Yii2.0视频教程
43-韩国主播
44-Linux常用命令
45-php数据类型
46-Yii2学习
47-Yii2框架
48-Yii2 studying
49-太极拳
50-dd
Hello weibin !
weibin - 30 !
weibin - 30 !
array(4) {
  [0]=>
  string(6) "weibin"
  [1]=>
  string(2) "30"
  [2]=>
  string(2) "55"
  [3]=>
  string(5) "xindi"
}
Hello World !